<?xml version="1.0" encoding="UTF-8"?>

<mule xmlns:http="http://www.mulesoft.org/schema/mule/http" xmlns="http://www.mulesoft.org/schema/mule/core"
	xmlns:doc="http://www.mulesoft.org/schema/mule/documentation"
	xmlns:xsi="http://www.w3.org/2001/XMLSchema-instance" xsi:schemaLocation="http://www.mulesoft.org/schema/mule/core http://www.mulesoft.org/schema/mule/core/current/mule.xsd
http://www.mulesoft.org/schema/mule/http http://www.mulesoft.org/schema/mule/http/current/mule-http.xsd">
	<http:listener-config name="HTTP_Listener_config" doc:name="HTTP Listener config" doc:id="af9158ca-8fc6-4b92-985d-1b8a738f9627" >
		<http:listener-connection host="0.0.0.0" port="8081" />
	</http:listener-config>
	<flow name="test-mulesoftFlow" doc:id="201f0156-89d3-4489-b540-587084af2fc9" >
		<http:listener doc:name="Listener" doc:id="dd8651d1-26ff-49dc-a744-133fba36aec5" config-ref="HTTP_Listener_config" path="/"/>
		<logger level="INFO" doc:name="Logger" doc:id="d18207d5-da65-46fb-b58d-2c2721082f83" message="Hellooooooooo World"/>
	</flow>
</mule>
